Loading objects:
  bes

=======================================================================================================================================================
                                                                                           Dependent variable:                                         
                                                  -----------------------------------------------------------------------------------------------------
                                                         Indyref Vote Yes                Current Vote Yes         Yes->No   No->Yes  Not Likely to vote
                                                     (1)        (2)       (3)        (4)        (5)       (6)       (7)       (8)           (9)        
-------------------------------------------------------------------------------------------------------------------------------------------------------
Log of Household Gross Income (£p.a)              -0.130***   -0.078    -0.135**    -0.050   -0.102**  -0.113**   -0.019    -0.007        -0.143**     
                                                   (0.039)    (0.057)   (0.056)    (0.047)    (0.051)   (0.050)   (0.102)   (0.085)       (0.072)      
                                                                                                                                                       
Age                                                0.044***  0.052***   0.046**     0.005      0.012     0.021    -0.009    -0.050*      -0.069***     
                                                   (0.013)    (0.020)   (0.018)    (0.016)    (0.017)   (0.017)   (0.040)   (0.029)       (0.025)      
                                                                                                                                                       
Age Squared                                       -0.0005*** -0.001*** -0.0005***  -0.0001    -0.0002   -0.0003   0.0002    0.001*        0.001**      
                                                   (0.0001)  (0.0002)   (0.0002)   (0.0002)  (0.0002)  (0.0002)  (0.0004)  (0.0003)       (0.0003)     
                                                                                                                                                       
Female                                            -0.172***  -0.199**   -0.143*    -0.147**  -0.161**  -0.150**   -0.168     0.156         0.143       
                                                   (0.056)    (0.078)   (0.080)    (0.065)    (0.070)   (0.069)   (0.163)   (0.132)       (0.130)      
                                                                                                                                                       
Highest Education: A Level/Higher Grade             -0.003    -0.035    -0.228*    0.240**     0.145     0.129                                         
                                                   (0.092)    (0.129)   (0.133)    (0.104)    (0.112)   (0.109)                                        
                                                                                                                                                       
Highest Education: Non-Degree Further               0.066      0.011     -0.045     0.244*     0.208     0.148                                         
                                                   (0.112)    (0.156)   (0.160)    (0.131)    (0.140)   (0.139)                                        
                                                                                                                                                       
Highest Education: Degree or Equivalent             0.142*     0.096     0.056     0.441***  0.266***  0.275***                                        
                                                   (0.074)    (0.103)   (0.104)    (0.085)    (0.093)   (0.091)                                        
                                                                                                                                                       
Ethnic Minority                                    0.351**    0.681**    0.210      0.219      0.302    0.342*                                         
                                                   (0.167)    (0.269)   (0.251)    (0.198)    (0.225)   (0.207)                                        
                                                                                                                                                       
Has Children                                        0.100      0.139     0.167*     0.069     0.168*     0.120                                         
                                                   (0.070)    (0.103)   (0.099)    (0.087)    (0.094)   (0.092)                                        
                                                                                                                                                       
Has a Partner                                       -0.009    -0.030     -0.015     -0.119    -0.114    -0.112                                         
                                                   (0.066)    (0.092)   (0.092)    (0.076)    (0.081)   (0.080)                                        
                                                                                                                                                       
Identifies Conservative                           -1.283***  -1.293*** -1.387***  -0.982***  -0.962*** -0.888*** -0.867**   -4.024        -0.468**     
                                                   (0.111)    (0.151)   (0.169)    (0.117)    (0.124)   (0.124)   (0.409)  (116.765)      (0.223)      
                                                                                                                                                       
Identifies Libdem                                 -0.838***  -0.875*** -0.980***    -0.090   -0.323**  -0.294**   -3.691    0.499**        -0.494      
                                                   (0.132)    (0.177)   (0.195)    (0.137)    (0.143)   (0.142)  (143.788)  (0.255)       (0.323)      
                                                                                                                                                       
Identifies Labour                                 -0.485***  -0.464*** -0.428***    -0.082   -0.289*** -0.287***  0.405*   0.653***      -0.637***     
                                                   (0.071)    (0.099)   (0.101)    (0.087)    (0.093)   (0.092)   (0.236)   (0.179)       (0.198)      
                                                                                                                                                       
Identifies Green                                   0.923***  1.299***   0.918***   1.217***  1.015***  1.076***    0.412    -0.058        -0.974**     
                                                   (0.129)    (0.217)   (0.178)    (0.206)    (0.215)   (0.216)   (0.489)   (0.309)       (0.437)      
                                                                                                                                                       
Identifies UKIP                                   -0.564***  -0.849***  -0.527**    -5.368    -4.892    -5.596    -0.431     0.282         0.045       
                                                   (0.160)    (0.245)   (0.252)    (82.996)  (83.730)  (75.662)   (0.456)   (0.399)       (0.321)      
                                                                                                                                                       
Identifies SNP                                     1.978***  1.949***   1.892***   1.580***  1.586***  1.579***  0.591***  -0.541**      -0.598***     
                                                   (0.086)    (0.117)   (0.117)    (0.089)    (0.097)   (0.096)   (0.227)   (0.214)       (0.175)      
                                                                                                                                                       
Religion: Catholic                                  0.097      0.158     0.021     0.275**   0.357***   0.310**   -0.201    -0.071         0.019       
                                                   (0.095)    (0.138)   (0.133)    (0.117)    (0.125)   (0.124)   (0.273)   (0.228)       (0.224)      
                                                                                                                                                       
Religion: Any Protestant                          -0.312***  -0.214**  -0.239***  -0.225***  -0.184**   -0.106   -0.470**   -0.023         -0.195      
                                                   (0.065)    (0.089)   (0.091)    (0.075)    (0.079)   (0.079)   (0.193)   (0.156)       (0.161)      
                                                                                                                                                       
Big5: Openness                                     0.072***  0.100***   0.080***   0.073***  0.068***  0.073***   -0.011    -0.002         -0.043      
                                                   (0.016)    (0.023)   (0.023)    (0.019)    (0.020)   (0.020)   (0.046)   (0.037)       (0.037)      
                                                                                                                                                       
Lives in Scottish City                              0.029      0.073     -0.065     0.098      0.079     0.044                                         
                                                   (0.063)    (0.086)   (0.089)    (0.073)    (0.078)   (0.076)                                        
                                                                                                                                                       
Lives in Highlands                                  -0.068     0.052     -0.070     -0.022     0.005    -0.025                                         
                                                   (0.067)    (0.092)   (0.098)    (0.077)    (0.082)   (0.081)                                        
                                                                                                                                                       
Lives in Borders                                    -0.096    -0.055     0.028      -0.089    -0.009     0.014                                         
                                                   (0.124)    (0.165)   (0.163)    (0.136)    (0.143)   (0.145)                                        
                                                                                                                                                       
Born in England                                   -0.292***  -0.267*** -0.307***    0.008      0.008    -0.001    -0.311     0.174         0.026       
                                                   (0.071)    (0.095)   (0.100)    (0.080)    (0.085)   (0.085)   (0.228)   (0.151)       (0.158)      
                                                                                                                                                       
Born in EU                                          0.012      0.093     -0.250     0.206      0.233     0.225                                         
                                                   (0.209)    (0.331)   (0.323)    (0.274)    (0.308)   (0.289)                                        
                                                                                                                                                       
Voted Leave, Brexit                                           -0.174*                        -0.882***                                                 
                                                              (0.090)                         (0.081)                                                  
                                                                                                                                                       
Integration with Europe (Lower=would prefer more)                      -0.058***                       -0.164*** 0.178***   -0.041*        -0.008      
                                                                        (0.014)                         (0.012)   (0.029)   (0.023)       (0.022)      
                                                                                                                                                       
Constant                                            -0.109    -0.987     0.170      -0.265     0.517     0.893    -2.864*   -0.453        1.959**      
                                                   (0.485)    (0.736)   (0.679)    (0.608)    (0.673)   (0.646)   (1.477)   (1.060)       (0.904)      
                                                                                                                                                       
-------------------------------------------------------------------------------------------------------------------------------------------------------
Observations                                        3,627      1,956     1,843      2,269      2,156     2,269     1,481     1,422         1,798       
Log Likelihood                                    -1,368.572 -713.118   -692.005  -1,039.996 -914.664  -935.694  -149.761  -227.501       -218.789     
Akaike Inf. Crit.                                 2,787.145  1,478.236 1,436.009  2,129.991  1,881.328 1,923.388  331.521   487.001       469.577      
=======================================================================================================================================================
Note:                                                                                                                       *p<0.1; **p<0.05; ***p<0.01

<table style="text-align:center"><tr><td colspan="10" style="border-bottom: 1px solid black"></td></tr><tr><td style="text-align:left"></td><td colspan="9"><em>Dependent variable:</em></td></tr>
<tr><td></td><td colspan="9" style="border-bottom: 1px solid black"></td></tr>
<tr><td style="text-align:left"></td><td colspan="3">Indyref Vote Yes</td><td colspan="3">Current Vote Yes</td><td>Yes 2 No</td><td>No 2 Yes</td><td>Not Likely to vote</td></tr>
<tr><td style="text-align:left"></td><td>(1)</td><td>(2)</td><td>(3)</td><td>(4)</td><td>(5)</td><td>(6)</td><td>(7)</td><td>(8)</td><td>(9)</td></tr>
<tr><td colspan="10" style="border-bottom: 1px solid black"></td></tr><tr><td style="text-align:left">Log of Household Gross Income (£p.a)</td><td>-0.130<sup>***</sup></td><td>-0.078</td><td>-0.135<sup>**</sup></td><td>-0.050</td><td>-0.102<sup>**</sup></td><td>-0.113<sup>**</sup></td><td>-0.019</td><td>-0.007</td><td>-0.143<sup>**</sup></td></tr>
<tr><td style="text-align:left"></td><td></td><td></td><td></td><td></td><td></td><td></td><td></td><td></td><td></td></tr>
<tr><td style="text-align:left">Age</td><td>0.044<sup>***</sup></td><td>0.052<sup>***</sup></td><td>0.046<sup>**</sup></td><td>0.005</td><td>0.012</td><td>0.021</td><td>-0.009</td><td>-0.050<sup>*</sup></td><td>-0.069<sup>***</sup></td></tr>
<tr><td style="text-align:left"></td><td></td><td></td><td></td><td></td><td></td><td></td><td></td><td></td><td></td></tr>
<tr><td style="text-align:left">Age Squared</td><td>-0.0005<sup>***</sup></td><td>-0.001<sup>***</sup></td><td>-0.0005<sup>***</sup></td><td>-0.0001</td><td>-0.0002</td><td>-0.0003</td><td>0.0002</td><td>0.001<sup>*</sup></td><td>0.001<sup>**</sup></td></tr>
<tr><td style="text-align:left"></td><td></td><td></td><td></td><td></td><td></td><td></td><td></td><td></td><td></td></tr>
<tr><td style="text-align:left">Female</td><td>-0.172<sup>***</sup></td><td>-0.199<sup>**</sup></td><td>-0.143<sup>*</sup></td><td>-0.147<sup>**</sup></td><td>-0.161<sup>**</sup></td><td>-0.150<sup>**</sup></td><td>-0.168</td><td>0.156</td><td>0.143</td></tr>
<tr><td style="text-align:left"></td><td></td><td></td><td></td><td></td><td></td><td></td><td></td><td></td><td></td></tr>
<tr><td style="text-align:left">Highest Education: A Level/Higher Grade</td><td>-0.003</td><td>-0.035</td><td>-0.228<sup>*</sup></td><td>0.240<sup>**</sup></td><td>0.145</td><td>0.129</td><td></td><td></td><td></td></tr>
<tr><td style="text-align:left"></td><td></td><td></td><td></td><td></td><td></td><td></td><td></td><td></td><td></td></tr>
<tr><td style="text-align:left">Highest Education: Non-Degree Further</td><td>0.066</td><td>0.011</td><td>-0.045</td><td>0.244<sup>*</sup></td><td>0.208</td><td>0.148</td><td></td><td></td><td></td></tr>
<tr><td style="text-align:left"></td><td></td><td></td><td></td><td></td><td></td><td></td><td></td><td></td><td></td></tr>
<tr><td style="text-align:left">Highest Education: Degree or Equivalent</td><td>0.142<sup>*</sup></td><td>0.096</td><td>0.056</td><td>0.441<sup>***</sup></td><td>0.266<sup>***</sup></td><td>0.275<sup>***</sup></td><td></td><td></td><td></td></tr>
<tr><td style="text-align:left"></td><td></td><td></td><td></td><td></td><td></td><td></td><td></td><td></td><td></td></tr>
<tr><td style="text-align:left">Ethnic Minority</td><td>0.351<sup>**</sup></td><td>0.681<sup>**</sup></td><td>0.210</td><td>0.219</td><td>0.302</td><td>0.342<sup>*</sup></td><td></td><td></td><td></td></tr>
<tr><td style="text-align:left"></td><td></td><td></td><td></td><td></td><td></td><td></td><td></td><td></td><td></td></tr>
<tr><td style="text-align:left">Has Children</td><td>0.100</td><td>0.139</td><td>0.167<sup>*</sup></td><td>0.069</td><td>0.168<sup>*</sup></td><td>0.120</td><td></td><td></td><td></td></tr>
<tr><td style="text-align:left"></td><td></td><td></td><td></td><td></td><td></td><td></td><td></td><td></td><td></td></tr>
<tr><td style="text-align:left">Has a Partner</td><td>-0.009</td><td>-0.030</td><td>-0.015</td><td>-0.119</td><td>-0.114</td><td>-0.112</td><td></td><td></td><td></td></tr>
<tr><td style="text-align:left"></td><td></td><td></td><td></td><td></td><td></td><td></td><td></td><td></td><td></td></tr>
<tr><td style="text-align:left">Identifies Conservative</td><td>-1.283<sup>***</sup></td><td>-1.293<sup>***</sup></td><td>-1.387<sup>***</sup></td><td>-0.982<sup>***</sup></td><td>-0.962<sup>***</sup></td><td>-0.888<sup>***</sup></td><td>-0.867<sup>**</sup></td><td>-4.024</td><td>-0.468<sup>**</sup></td></tr>
<tr><td style="text-align:left"></td><td></td><td></td><td></td><td></td><td></td><td></td><td></td><td></td><td></td></tr>
<tr><td style="text-align:left">Identifies Libdem</td><td>-0.838<sup>***</sup></td><td>-0.875<sup>***</sup></td><td>-0.980<sup>***</sup></td><td>-0.090</td><td>-0.323<sup>**</sup></td><td>-0.294<sup>**</sup></td><td>-3.691</td><td>0.499<sup>**</sup></td><td>-0.494</td></tr>
<tr><td style="text-align:left"></td><td></td><td></td><td></td><td></td><td></td><td></td><td></td><td></td><td></td></tr>
<tr><td style="text-align:left">Identifies Labour</td><td>-0.485<sup>***</sup></td><td>-0.464<sup>***</sup></td><td>-0.428<sup>***</sup></td><td>-0.082</td><td>-0.289<sup>***</sup></td><td>-0.287<sup>***</sup></td><td>0.405<sup>*</sup></td><td>0.653<sup>***</sup></td><td>-0.637<sup>***</sup></td></tr>
<tr><td style="text-align:left"></td><td></td><td></td><td></td><td></td><td></td><td></td><td></td><td></td><td></td></tr>
<tr><td style="text-align:left">Identifies Green</td><td>0.923<sup>***</sup></td><td>1.299<sup>***</sup></td><td>0.918<sup>***</sup></td><td>1.217<sup>***</sup></td><td>1.015<sup>***</sup></td><td>1.076<sup>***</sup></td><td>0.412</td><td>-0.058</td><td>-0.974<sup>**</sup></td></tr>
<tr><td style="text-align:left"></td><td></td><td></td><td></td><td></td><td></td><td></td><td></td><td></td><td></td></tr>
<tr><td style="text-align:left">Identifies UKIP</td><td>-0.564<sup>***</sup></td><td>-0.849<sup>***</sup></td><td>-0.527<sup>**</sup></td><td>-5.368</td><td>-4.892</td><td>-5.596</td><td>-0.431</td><td>0.282</td><td>0.045</td></tr>
<tr><td style="text-align:left"></td><td></td><td></td><td></td><td></td><td></td><td></td><td></td><td></td><td></td></tr>
<tr><td style="text-align:left">Identifies SNP</td><td>1.978<sup>***</sup></td><td>1.949<sup>***</sup></td><td>1.892<sup>***</sup></td><td>1.580<sup>***</sup></td><td>1.586<sup>***</sup></td><td>1.579<sup>***</sup></td><td>0.591<sup>***</sup></td><td>-0.541<sup>**</sup></td><td>-0.598<sup>***</sup></td></tr>
<tr><td style="text-align:left"></td><td></td><td></td><td></td><td></td><td></td><td></td><td></td><td></td><td></td></tr>
<tr><td style="text-align:left">Religion: Catholic</td><td>0.097</td><td>0.158</td><td>0.021</td><td>0.275<sup>**</sup></td><td>0.357<sup>***</sup></td><td>0.310<sup>**</sup></td><td>-0.201</td><td>-0.071</td><td>0.019</td></tr>
<tr><td style="text-align:left"></td><td></td><td></td><td></td><td></td><td></td><td></td><td></td><td></td><td></td></tr>
<tr><td style="text-align:left">Religion: Any Protestant</td><td>-0.312<sup>***</sup></td><td>-0.214<sup>**</sup></td><td>-0.239<sup>***</sup></td><td>-0.225<sup>***</sup></td><td>-0.184<sup>**</sup></td><td>-0.106</td><td>-0.470<sup>**</sup></td><td>-0.023</td><td>-0.195</td></tr>
<tr><td style="text-align:left"></td><td></td><td></td><td></td><td></td><td></td><td></td><td></td><td></td><td></td></tr>
<tr><td style="text-align:left">Big5: Openness</td><td>0.072<sup>***</sup></td><td>0.100<sup>***</sup></td><td>0.080<sup>***</sup></td><td>0.073<sup>***</sup></td><td>0.068<sup>***</sup></td><td>0.073<sup>***</sup></td><td>-0.011</td><td>-0.002</td><td>-0.043</td></tr>
<tr><td style="text-align:left"></td><td></td><td></td><td></td><td></td><td></td><td></td><td></td><td></td><td></td></tr>
<tr><td style="text-align:left">Lives in Scottish City</td><td>0.029</td><td>0.073</td><td>-0.065</td><td>0.098</td><td>0.079</td><td>0.044</td><td></td><td></td><td></td></tr>
<tr><td style="text-align:left"></td><td></td><td></td><td></td><td></td><td></td><td></td><td></td><td></td><td></td></tr>
<tr><td style="text-align:left">Lives in Highlands</td><td>-0.068</td><td>0.052</td><td>-0.070</td><td>-0.022</td><td>0.005</td><td>-0.025</td><td></td><td></td><td></td></tr>
<tr><td style="text-align:left"></td><td></td><td></td><td></td><td></td><td></td><td></td><td></td><td></td><td></td></tr>
<tr><td style="text-align:left">Lives in Borders</td><td>-0.096</td><td>-0.055</td><td>0.028</td><td>-0.089</td><td>-0.009</td><td>0.014</td><td></td><td></td><td></td></tr>
<tr><td style="text-align:left"></td><td></td><td></td><td></td><td></td><td></td><td></td><td></td><td></td><td></td></tr>
<tr><td style="text-align:left">Born in England</td><td>-0.292<sup>***</sup></td><td>-0.267<sup>***</sup></td><td>-0.307<sup>***</sup></td><td>0.008</td><td>0.008</td><td>-0.001</td><td>-0.311</td><td>0.174</td><td>0.026</td></tr>
<tr><td style="text-align:left"></td><td></td><td></td><td></td><td></td><td></td><td></td><td></td><td></td><td></td></tr>
<tr><td style="text-align:left">Born in EU</td><td>0.012</td><td>0.093</td><td>-0.250</td><td>0.206</td><td>0.233</td><td>0.225</td><td></td><td></td><td></td></tr>
<tr><td style="text-align:left"></td><td></td><td></td><td></td><td></td><td></td><td></td><td></td><td></td><td></td></tr>
<tr><td style="text-align:left">Voted Leave, Brexit</td><td></td><td>-0.174<sup>*</sup></td><td></td><td></td><td>-0.882<sup>***</sup></td><td></td><td></td><td></td><td></td></tr>
<tr><td style="text-align:left"></td><td></td><td></td><td></td><td></td><td></td><td></td><td></td><td></td><td></td></tr>
<tr><td style="text-align:left">Integration with Europe (Lower=would prefer more)</td><td></td><td></td><td>-0.058<sup>***</sup></td><td></td><td></td><td>-0.164<sup>***</sup></td><td>0.178<sup>***</sup></td><td>-0.041<sup>*</sup></td><td>-0.008</td></tr>
<tr><td style="text-align:left"></td><td></td><td></td><td></td><td></td><td></td><td></td><td></td><td></td><td></td></tr>
<tr><td style="text-align:left">Constant</td><td>-0.109</td><td>-0.987</td><td>0.170</td><td>-0.265</td><td>0.517</td><td>0.893</td><td>-2.864<sup>*</sup></td><td>-0.453</td><td>1.959<sup>**</sup></td></tr>
<tr><td style="text-align:left"></td><td></td><td></td><td></td><td></td><td></td><td></td><td></td><td></td><td></td></tr>
<tr><td colspan="10" style="border-bottom: 1px solid black"></td></tr><tr><td style="text-align:left">Observations</td><td>3,627</td><td>1,956</td><td>1,843</td><td>2,269</td><td>2,156</td><td>2,269</td><td>1,481</td><td>1,422</td><td>1,798</td></tr>
<tr><td style="text-align:left">Log Likelihood</td><td>-1,368.572</td><td>-713.118</td><td>-692.005</td><td>-1,039.996</td><td>-914.664</td><td>-935.694</td><td>-149.761</td><td>-227.501</td><td>-218.789</td></tr>
<tr><td style="text-align:left">Akaike Inf. Crit.</td><td>2,787.145</td><td>1,478.236</td><td>1,436.009</td><td>2,129.991</td><td>1,881.328</td><td>1,923.388</td><td>331.521</td><td>487.001</td><td>469.577</td></tr>
<tr><td colspan="10" style="border-bottom: 1px solid black"></td></tr><tr><td style="text-align:left"><em>Note:</em></td><td colspan="9" style="text-align:right"><sup>*</sup>p<0.1; <sup>**</sup>p<0.05; <sup>***</sup>p<0.01</td></tr>
</table>

==========================================================================================================================
                                                                            Dependent variable:                           
                                                  ------------------------------------------------------------------------
                                                  Indyref Vote Yes Current Vote Yes  Yes->No   No->Yes  Not Likely to vote
                                                        (1)              (2)           (3)       (4)           (5)        
--------------------------------------------------------------------------------------------------------------------------
Log of Household Gross Income (£p.a)                  -0.135**         -0.113**      -0.019    -0.007        -0.143**     
                                                      (0.056)          (0.050)       (0.102)   (0.085)       (0.072)      
                                                                                                                          
Age                                                   0.046**           0.021        -0.009    -0.050*      -0.069***     
                                                      (0.018)          (0.017)       (0.040)   (0.029)       (0.025)      
                                                                                                                          
Age Squared                                          -0.0005***        -0.0003       0.0002    0.001*        0.001**      
                                                      (0.0002)         (0.0002)     (0.0004)  (0.0003)       (0.0003)     
                                                                                                                          
Female                                                -0.143*          -0.150**      -0.168     0.156         0.143       
                                                      (0.080)          (0.069)       (0.163)   (0.132)       (0.130)      
                                                                                                                          
Highest Education: A Level/Higher Grade               -0.228*           0.129                                             
                                                      (0.133)          (0.109)                                            
                                                                                                                          
Highest Education: Non-Degree Further                  -0.045           0.148                                             
                                                      (0.160)          (0.139)                                            
                                                                                                                          
Highest Education: Degree or Equivalent                0.056           0.275***                                           
                                                      (0.104)          (0.091)                                            
                                                                                                                          
Ethnic Minority                                        0.210            0.342*                                            
                                                      (0.251)          (0.207)                                            
                                                                                                                          
Has Children                                           0.167*           0.120                                             
                                                      (0.099)          (0.092)                                            
                                                                                                                          
Has a Partner                                          -0.015           -0.112                                            
                                                      (0.092)          (0.080)                                            
                                                                                                                          
Identifies Conservative                              -1.387***        -0.888***     -0.867**   -4.024        -0.468**     
                                                      (0.169)          (0.124)       (0.409)  (116.765)      (0.223)      
                                                                                                                          
Identifies Libdem                                    -0.980***         -0.294**      -3.691    0.499**        -0.494      
                                                      (0.195)          (0.142)      (143.788)  (0.255)       (0.323)      
                                                                                                                          
Identifies Labour                                    -0.428***        -0.287***      0.405*   0.653***      -0.637***     
                                                      (0.101)          (0.092)       (0.236)   (0.179)       (0.198)      
                                                                                                                          
Identifies Green                                      0.918***         1.076***       0.412    -0.058        -0.974**     
                                                      (0.178)          (0.216)       (0.489)   (0.309)       (0.437)      
                                                                                                                          
Identifies UKIP                                       -0.527**          -5.596       -0.431     0.282         0.045       
                                                      (0.252)          (75.662)      (0.456)   (0.399)       (0.321)      
                                                                                                                          
Identifies SNP                                        1.892***         1.579***     0.591***  -0.541**      -0.598***     
                                                      (0.117)          (0.096)       (0.227)   (0.214)       (0.175)      
                                                                                                                          
Religion: Catholic                                     0.021           0.310**       -0.201    -0.071         0.019       
                                                      (0.133)          (0.124)       (0.273)   (0.228)       (0.224)      
                                                                                                                          
Religion: Any Protestant                             -0.239***          -0.106      -0.470**   -0.023         -0.195      
                                                      (0.091)          (0.079)       (0.193)   (0.156)       (0.161)      
                                                                                                                          
Big5: Openness                                        0.080***         0.073***      -0.011    -0.002         -0.043      
                                                      (0.023)          (0.020)       (0.046)   (0.037)       (0.037)      
                                                                                                                          
Lives in Scottish City                                 -0.065           0.044                                             
                                                      (0.089)          (0.076)                                            
                                                                                                                          
Lives in Highlands                                     -0.070           -0.025                                            
                                                      (0.098)          (0.081)                                            
                                                                                                                          
Lives in Borders                                       0.028            0.014                                             
                                                      (0.163)          (0.145)                                            
                                                                                                                          
Born in England                                      -0.307***          -0.001       -0.311     0.174         0.026       
                                                      (0.100)          (0.085)       (0.228)   (0.151)       (0.158)      
                                                                                                                          
Born in EU                                             -0.250           0.225                                             
                                                      (0.323)          (0.289)                                            
                                                                                                                          
Integration with Europe (Lower=would prefer more)    -0.058***        -0.164***     0.178***   -0.041*        -0.008      
                                                      (0.014)          (0.012)       (0.029)   (0.023)       (0.022)      
                                                                                                                          
Constant                                               0.170            0.893        -2.864*   -0.453        1.959**      
                                                      (0.679)          (0.646)       (1.477)   (1.060)       (0.904)      
                                                                                                                          
--------------------------------------------------------------------------------------------------------------------------
Observations                                           1,843            2,269         1,481     1,422         1,798       
Log Likelihood                                        -692.005         -935.694     -149.761  -227.501       -218.789     
Akaike Inf. Crit.                                    1,436.009        1,923.388      331.521   487.001       469.577      
==========================================================================================================================
Note:                                                                                          *p<0.1; **p<0.05; ***p<0.01

<table style="text-align:center"><tr><td colspan="6" style="border-bottom: 1px solid black"></td></tr><tr><td style="text-align:left"></td><td colspan="5"><em>Dependent variable:</em></td></tr>
<tr><td></td><td colspan="5" style="border-bottom: 1px solid black"></td></tr>
<tr><td style="text-align:left"></td><td>Indyref Vote Yes</td><td>Current Vote Yes</td><td>Yes 2 No</td><td>No 2 Yes</td><td>Not Likely to vote</td></tr>
<tr><td style="text-align:left"></td><td>(1)</td><td>(2)</td><td>(3)</td><td>(4)</td><td>(5)</td></tr>
<tr><td colspan="6" style="border-bottom: 1px solid black"></td></tr><tr><td style="text-align:left">Log of Household Gross Income (£p.a)</td><td>-0.135<sup>**</sup></td><td>-0.113<sup>**</sup></td><td>-0.019</td><td>-0.007</td><td>-0.143<sup>**</sup></td></tr>
<tr><td style="text-align:left"></td><td></td><td></td><td></td><td></td><td></td></tr>
<tr><td style="text-align:left">Age</td><td>0.046<sup>**</sup></td><td>0.021</td><td>-0.009</td><td>-0.050<sup>*</sup></td><td>-0.069<sup>***</sup></td></tr>
<tr><td style="text-align:left"></td><td></td><td></td><td></td><td></td><td></td></tr>
<tr><td style="text-align:left">Age Squared</td><td>-0.0005<sup>***</sup></td><td>-0.0003</td><td>0.0002</td><td>0.001<sup>*</sup></td><td>0.001<sup>**</sup></td></tr>
<tr><td style="text-align:left"></td><td></td><td></td><td></td><td></td><td></td></tr>
<tr><td style="text-align:left">Female</td><td>-0.143<sup>*</sup></td><td>-0.150<sup>**</sup></td><td>-0.168</td><td>0.156</td><td>0.143</td></tr>
<tr><td style="text-align:left"></td><td></td><td></td><td></td><td></td><td></td></tr>
<tr><td style="text-align:left">Highest Education: A Level/Higher Grade</td><td>-0.228<sup>*</sup></td><td>0.129</td><td></td><td></td><td></td></tr>
<tr><td style="text-align:left"></td><td></td><td></td><td></td><td></td><td></td></tr>
<tr><td style="text-align:left">Highest Education: Non-Degree Further</td><td>-0.045</td><td>0.148</td><td></td><td></td><td></td></tr>
<tr><td style="text-align:left"></td><td></td><td></td><td></td><td></td><td></td></tr>
<tr><td style="text-align:left">Highest Education: Degree or Equivalent</td><td>0.056</td><td>0.275<sup>***</sup></td><td></td><td></td><td></td></tr>
<tr><td style="text-align:left"></td><td></td><td></td><td></td><td></td><td></td></tr>
<tr><td style="text-align:left">Ethnic Minority</td><td>0.210</td><td>0.342<sup>*</sup></td><td></td><td></td><td></td></tr>
<tr><td style="text-align:left"></td><td></td><td></td><td></td><td></td><td></td></tr>
<tr><td style="text-align:left">Has Children</td><td>0.167<sup>*</sup></td><td>0.120</td><td></td><td></td><td></td></tr>
<tr><td style="text-align:left"></td><td></td><td></td><td></td><td></td><td></td></tr>
<tr><td style="text-align:left">Has a Partner</td><td>-0.015</td><td>-0.112</td><td></td><td></td><td></td></tr>
<tr><td style="text-align:left"></td><td></td><td></td><td></td><td></td><td></td></tr>
<tr><td style="text-align:left">Identifies Conservative</td><td>-1.387<sup>***</sup></td><td>-0.888<sup>***</sup></td><td>-0.867<sup>**</sup></td><td>-4.024</td><td>-0.468<sup>**</sup></td></tr>
<tr><td style="text-align:left"></td><td></td><td></td><td></td><td></td><td></td></tr>
<tr><td style="text-align:left">Identifies Libdem</td><td>-0.980<sup>***</sup></td><td>-0.294<sup>**</sup></td><td>-3.691</td><td>0.499<sup>**</sup></td><td>-0.494</td></tr>
<tr><td style="text-align:left"></td><td></td><td></td><td></td><td></td><td></td></tr>
<tr><td style="text-align:left">Identifies Labour</td><td>-0.428<sup>***</sup></td><td>-0.287<sup>***</sup></td><td>0.405<sup>*</sup></td><td>0.653<sup>***</sup></td><td>-0.637<sup>***</sup></td></tr>
<tr><td style="text-align:left"></td><td></td><td></td><td></td><td></td><td></td></tr>
<tr><td style="text-align:left">Identifies Green</td><td>0.918<sup>***</sup></td><td>1.076<sup>***</sup></td><td>0.412</td><td>-0.058</td><td>-0.974<sup>**</sup></td></tr>
<tr><td style="text-align:left"></td><td></td><td></td><td></td><td></td><td></td></tr>
<tr><td style="text-align:left">Identifies UKIP</td><td>-0.527<sup>**</sup></td><td>-5.596</td><td>-0.431</td><td>0.282</td><td>0.045</td></tr>
<tr><td style="text-align:left"></td><td></td><td></td><td></td><td></td><td></td></tr>
<tr><td style="text-align:left">Identifies SNP</td><td>1.892<sup>***</sup></td><td>1.579<sup>***</sup></td><td>0.591<sup>***</sup></td><td>-0.541<sup>**</sup></td><td>-0.598<sup>***</sup></td></tr>
<tr><td style="text-align:left"></td><td></td><td></td><td></td><td></td><td></td></tr>
<tr><td style="text-align:left">Religion: Catholic</td><td>0.021</td><td>0.310<sup>**</sup></td><td>-0.201</td><td>-0.071</td><td>0.019</td></tr>
<tr><td style="text-align:left"></td><td></td><td></td><td></td><td></td><td></td></tr>
<tr><td style="text-align:left">Religion: Any Protestant</td><td>-0.239<sup>***</sup></td><td>-0.106</td><td>-0.470<sup>**</sup></td><td>-0.023</td><td>-0.195</td></tr>
<tr><td style="text-align:left"></td><td></td><td></td><td></td><td></td><td></td></tr>
<tr><td style="text-align:left">Big5: Openness</td><td>0.080<sup>***</sup></td><td>0.073<sup>***</sup></td><td>-0.011</td><td>-0.002</td><td>-0.043</td></tr>
<tr><td style="text-align:left"></td><td></td><td></td><td></td><td></td><td></td></tr>
<tr><td style="text-align:left">Lives in Scottish City</td><td>-0.065</td><td>0.044</td><td></td><td></td><td></td></tr>
<tr><td style="text-align:left"></td><td></td><td></td><td></td><td></td><td></td></tr>
<tr><td style="text-align:left">Lives in Highlands</td><td>-0.070</td><td>-0.025</td><td></td><td></td><td></td></tr>
<tr><td style="text-align:left"></td><td></td><td></td><td></td><td></td><td></td></tr>
<tr><td style="text-align:left">Lives in Borders</td><td>0.028</td><td>0.014</td><td></td><td></td><td></td></tr>
<tr><td style="text-align:left"></td><td></td><td></td><td></td><td></td><td></td></tr>
<tr><td style="text-align:left">Born in England</td><td>-0.307<sup>***</sup></td><td>-0.001</td><td>-0.311</td><td>0.174</td><td>0.026</td></tr>
<tr><td style="text-align:left"></td><td></td><td></td><td></td><td></td><td></td></tr>
<tr><td style="text-align:left">Born in EU</td><td>-0.250</td><td>0.225</td><td></td><td></td><td></td></tr>
<tr><td style="text-align:left"></td><td></td><td></td><td></td><td></td><td></td></tr>
<tr><td style="text-align:left">Integration with Europe (Lower=would prefer more)</td><td>-0.058<sup>***</sup></td><td>-0.164<sup>***</sup></td><td>0.178<sup>***</sup></td><td>-0.041<sup>*</sup></td><td>-0.008</td></tr>
<tr><td style="text-align:left"></td><td></td><td></td><td></td><td></td><td></td></tr>
<tr><td style="text-align:left">Constant</td><td>0.170</td><td>0.893</td><td>-2.864<sup>*</sup></td><td>-0.453</td><td>1.959<sup>**</sup></td></tr>
<tr><td style="text-align:left"></td><td></td><td></td><td></td><td></td><td></td></tr>
<tr><td colspan="6" style="border-bottom: 1px solid black"></td></tr><tr><td style="text-align:left">Observations</td><td>1,843</td><td>2,269</td><td>1,481</td><td>1,422</td><td>1,798</td></tr>
<tr><td style="text-align:left">Log Likelihood</td><td>-692.005</td><td>-935.694</td><td>-149.761</td><td>-227.501</td><td>-218.789</td></tr>
<tr><td style="text-align:left">Akaike Inf. Crit.</td><td>1,436.009</td><td>1,923.388</td><td>331.521</td><td>487.001</td><td>469.577</td></tr>
<tr><td colspan="6" style="border-bottom: 1px solid black"></td></tr><tr><td style="text-align:left"><em>Note:</em></td><td colspan="5" style="text-align:right"><sup>*</sup>p<0.1; <sup>**</sup>p<0.05; <sup>***</sup>p<0.01</td></tr>
</table>

Call:
glm(formula = vote_yes_scot ~ log_hh_inc + age + age_square + 
    female + a_level_equiv + other_higher_ed + degree_equiv + 
    is_ethnic_minority + has_children + is_partnered + conservative + 
    libdem + labour + green + ukip + scot_nat + catholic + protestant + 
    big5_openness + scottish_city + scottish_highlands + scottish_borders + 
    born_england + born_eu, family = binomial(link = "probit"), 
    data = besScot)

Deviance Residuals: 
    Min       1Q   Median       3Q      Max  
-2.9577  -0.6586  -0.2003   0.3491   3.1621  

Coefficients:
                         Estimate Std. Error z value Pr(>|z|)    
(Intercept)            -0.1094180  0.4851208  -0.226 0.821553    
log_hh_inc             -0.1301126  0.0394566  -3.298 0.000975 ***
age                     0.0441251  0.0129168   3.416 0.000635 ***
age_square             -0.0004898  0.0001324  -3.698 0.000217 ***
femaleTRUE             -0.1719288  0.0563195  -3.053 0.002268 ** 
a_level_equivTRUE      -0.0026157  0.0922838  -0.028 0.977388    
other_higher_edTRUE     0.0657090  0.1123426   0.585 0.558616    
degree_equivTRUE        0.1419477  0.0736735   1.927 0.054015 .  
is_ethnic_minorityTRUE  0.3514752  0.1670908   2.103 0.035422 *  
has_childrenTRUE        0.1002678  0.0697833   1.437 0.150762    
is_partneredTRUE       -0.0090428  0.0657382  -0.138 0.890590    
conservativeTRUE       -1.2834368  0.1106464 -11.599  < 2e-16 ***
libdemTRUE             -0.8377289  0.1319208  -6.350 2.15e-10 ***
labourTRUE             -0.4845331  0.0708749  -6.836 8.12e-12 ***
greenTRUE               0.9230504  0.1293652   7.135 9.66e-13 ***
ukipTRUE               -0.5639841  0.1595272  -3.535 0.000407 ***
scot_natTRUE            1.9780063  0.0859623  23.010  < 2e-16 ***
catholicTRUE            0.0966610  0.0950950   1.016 0.309407    
protestantTRUE         -0.3124023  0.0649060  -4.813 1.49e-06 ***
big5_openness           0.0720291  0.0160880   4.477 7.56e-06 ***
scottish_cityTRUE       0.0289229  0.0625038   0.463 0.643552    
scottish_highlandsTRUE -0.0678106  0.0673260  -1.007 0.313840    
scottish_bordersTRUE   -0.0964466  0.1242348  -0.776 0.437557    
born_englandTRUE       -0.2918952  0.0708747  -4.118 3.81e-05 ***
born_euTRUE             0.0116873  0.2086972   0.056 0.955341    
---
Signif. codes:  0 ‘***’ 0.001 ‘**’ 0.01 ‘*’ 0.05 ‘.’ 0.1 ‘ ’ 1

(Dispersion parameter for binomial family taken to be 1)

    Null deviance: 5015.1  on 3626  degrees of freedom
Residual deviance: 2737.1  on 3602  degrees of freedom
  (4659 observations deleted due to missingness)
AIC: 2787.1

Number of Fisher Scoring iterations: 6


Call:
glm(formula = vote_yes_scot ~ log_hh_inc + age + age_square + 
    female + a_level_equiv + other_higher_ed + degree_equiv + 
    is_ethnic_minority + has_children + is_partnered + conservative + 
    libdem + labour + green + ukip + scot_nat + catholic + protestant + 
    big5_openness + scottish_city + scottish_highlands + scottish_borders + 
    born_england + born_eu + vote_leave_eu, family = binomial(link = "probit"), 
    data = besScot)

Deviance Residuals: 
    Min       1Q   Median       3Q      Max  
-2.8704  -0.6326  -0.2087   0.3612   2.8488  

Coefficients:
                         Estimate Std. Error z value Pr(>|z|)    
(Intercept)            -0.9867027  0.7359888  -1.341 0.180034    
log_hh_inc             -0.0776999  0.0570537  -1.362 0.173238    
age                     0.0517627  0.0195775   2.644 0.008193 ** 
age_square             -0.0005585  0.0001952  -2.861 0.004217 ** 
femaleTRUE             -0.1990347  0.0783602  -2.540 0.011085 *  
a_level_equivTRUE      -0.0345014  0.1285385  -0.268 0.788382    
other_higher_edTRUE     0.0108972  0.1562410   0.070 0.944396    
degree_equivTRUE        0.0958638  0.1025768   0.935 0.350017    
is_ethnic_minorityTRUE  0.6811094  0.2690150   2.532 0.011346 *  
has_childrenTRUE        0.1388761  0.1027674   1.351 0.176579    
is_partneredTRUE       -0.0300599  0.0923326  -0.326 0.744756    
conservativeTRUE       -1.2930483  0.1508834  -8.570  < 2e-16 ***
libdemTRUE             -0.8746461  0.1771654  -4.937 7.94e-07 ***
labourTRUE             -0.4636374  0.0991971  -4.674 2.96e-06 ***
greenTRUE               1.2986190  0.2167524   5.991 2.08e-09 ***
ukipTRUE               -0.8485273  0.2451723  -3.461 0.000538 ***
scot_natTRUE            1.9489108  0.1174678  16.591  < 2e-16 ***
catholicTRUE            0.1578713  0.1378125   1.146 0.251981    
protestantTRUE         -0.2138687  0.0893005  -2.395 0.016623 *  
big5_openness           0.0996649  0.0227894   4.373 1.22e-05 ***
scottish_cityTRUE       0.0734396  0.0863930   0.850 0.395290    
scottish_highlandsTRUE  0.0515990  0.0922583   0.559 0.575965    
scottish_bordersTRUE   -0.0550096  0.1651786  -0.333 0.739111    
born_englandTRUE       -0.2672875  0.0946501  -2.824 0.004744 ** 
born_euTRUE             0.0926616  0.3309098   0.280 0.779462    
vote_leave_euTRUE      -0.1738227  0.0898320  -1.935 0.052993 .  
---
Signif. codes:  0 ‘***’ 0.001 ‘**’ 0.01 ‘*’ 0.05 ‘.’ 0.1 ‘ ’ 1

(Dispersion parameter for binomial family taken to be 1)

    Null deviance: 2693.1  on 1955  degrees of freedom
Residual deviance: 1426.2  on 1930  degrees of freedom
  (6330 observations deleted due to missingness)
AIC: 1478.2

Number of Fisher Scoring iterations: 6


Call:
glm(formula = vote_yes_scot ~ log_hh_inc + age + age_square + 
    female + a_level_equiv + other_higher_ed + degree_equiv + 
    is_ethnic_minority + has_children + is_partnered + conservative + 
    libdem + labour + green + ukip + scot_nat + catholic + protestant + 
    big5_openness + scottish_city + scottish_highlands + scottish_borders + 
    born_england + born_eu + EUIntegrationSelf_dk5, family = binomial(link = "probit"), 
    data = besScot)

Deviance Residuals: 
    Min       1Q   Median       3Q      Max  
-2.8886  -0.6571  -0.1661   0.3903   3.3798  

Coefficients:
                         Estimate Std. Error z value Pr(>|z|)    
(Intercept)             0.1698387  0.6794279   0.250 0.802608    
log_hh_inc             -0.1347720  0.0555898  -2.424 0.015334 *  
age                     0.0457705  0.0178645   2.562 0.010404 *  
age_square             -0.0004921  0.0001832  -2.686 0.007232 ** 
femaleTRUE             -0.1429166  0.0798129  -1.791 0.073350 .  
a_level_equivTRUE      -0.2283995  0.1330812  -1.716 0.086118 .  
other_higher_edTRUE    -0.0446974  0.1595894  -0.280 0.779418    
degree_equivTRUE        0.0558221  0.1042929   0.535 0.592482    
is_ethnic_minorityTRUE  0.2099297  0.2514865   0.835 0.403855    
has_childrenTRUE        0.1667109  0.0985412   1.692 0.090686 .  
is_partneredTRUE       -0.0148748  0.0923286  -0.161 0.872009    
conservativeTRUE       -1.3870676  0.1693239  -8.192 2.57e-16 ***
libdemTRUE             -0.9803709  0.1946138  -5.038 4.72e-07 ***
labourTRUE             -0.4284615  0.1013569  -4.227 2.37e-05 ***
greenTRUE               0.9177901  0.1775471   5.169 2.35e-07 ***
ukipTRUE               -0.5266159  0.2523540  -2.087 0.036905 *  
scot_natTRUE            1.8919995  0.1170004  16.171  < 2e-16 ***
catholicTRUE            0.0212851  0.1331889   0.160 0.873030    
protestantTRUE         -0.2391929  0.0913647  -2.618 0.008845 ** 
big5_openness           0.0801348  0.0227322   3.525 0.000423 ***
scottish_cityTRUE      -0.0647841  0.0887542  -0.730 0.465434    
scottish_highlandsTRUE -0.0701271  0.0978072  -0.717 0.473378    
scottish_bordersTRUE    0.0276229  0.1625556   0.170 0.865066    
born_englandTRUE       -0.3070247  0.1002207  -3.063 0.002188 ** 
born_euTRUE            -0.2497602  0.3228236  -0.774 0.439124    
EUIntegrationSelf_dk5  -0.0575235  0.0135477  -4.246 2.18e-05 ***
---
Signif. codes:  0 ‘***’ 0.001 ‘**’ 0.01 ‘*’ 0.05 ‘.’ 0.1 ‘ ’ 1

(Dispersion parameter for binomial family taken to be 1)

    Null deviance: 2543.5  on 1842  degrees of freedom
Residual deviance: 1384.0  on 1817  degrees of freedom
  (6443 observations deleted due to missingness)
AIC: 1436

Number of Fisher Scoring iterations: 6


Call:
glm(formula = vote_yes_scot ~ log_hh_inc + age + age_square + 
    female + a_level_equiv + other_higher_ed + degree_equiv + 
    is_ethnic_minority + has_children + is_partnered + conservative + 
    libdem + labour + green + ukip + scot_nat + catholic + protestant + 
    leftRightW3 + scottish_city + scottish_highlands + scottish_borders + 
    born_england + born_eu + EUIntegrationSelf_dk5, family = binomial(link = "probit"), 
    data = besScot)

Deviance Residuals: 
    Min       1Q   Median       3Q      Max  
-3.0538  -0.5933  -0.1683   0.3687   3.6503  

Coefficients:
                         Estimate Std. Error z value Pr(>|z|)    
(Intercept)             1.5029185  0.7492442   2.006  0.04487 *  
log_hh_inc             -0.1253260  0.0613634  -2.042  0.04112 *  
age                     0.0309187  0.0196408   1.574  0.11544    
age_square             -0.0003352  0.0001992  -1.683  0.09232 .  
femaleTRUE             -0.1393589  0.0879023  -1.585  0.11288    
a_level_equivTRUE      -0.2098203  0.1499432  -1.399  0.16171    
other_higher_edTRUE    -0.0289017  0.1743354  -0.166  0.86833    
degree_equivTRUE        0.0429269  0.1157305   0.371  0.71070    
is_ethnic_minorityTRUE  0.1960375  0.2738745   0.716  0.47412    
has_childrenTRUE        0.2630423  0.1082775   2.429  0.01513 *  
is_partneredTRUE       -0.0412544  0.1011222  -0.408  0.68330    
conservativeTRUE       -0.9199117  0.1828151  -5.032 4.86e-07 ***
libdemTRUE             -0.8821307  0.2038667  -4.327 1.51e-05 ***
labourTRUE             -0.6353412  0.1149396  -5.528 3.25e-08 ***
greenTRUE               0.7653459  0.1891389   4.046 5.20e-05 ***
ukipTRUE               -0.2593683  0.2813460  -0.922  0.35659    
scot_natTRUE            1.9091379  0.1319573  14.468  < 2e-16 ***
catholicTRUE            0.1109642  0.1485371   0.747  0.45504    
protestantTRUE         -0.1346377  0.0990584  -1.359  0.17409    
leftRightW3            -0.1853910  0.0257039  -7.213 5.49e-13 ***
scottish_cityTRUE      -0.1182772  0.0963269  -1.228  0.21949    
scottish_highlandsTRUE -0.0621111  0.1045014  -0.594  0.55227    
scottish_bordersTRUE    0.0313448  0.1767257   0.177  0.85922    
born_englandTRUE       -0.2761109  0.1070373  -2.580  0.00989 ** 
born_euTRUE            -0.1292033  0.3490623  -0.370  0.71128    
EUIntegrationSelf_dk5  -0.0374057  0.0152905  -2.446  0.01443 *  
---
Signif. codes:  0 ‘***’ 0.001 ‘**’ 0.01 ‘*’ 0.05 ‘.’ 0.1 ‘ ’ 1

(Dispersion parameter for binomial family taken to be 1)

    Null deviance: 2280.5  on 1654  degrees of freedom
Residual deviance: 1159.4  on 1629  degrees of freedom
  (6631 observations deleted due to missingness)
AIC: 1211.4

Number of Fisher Scoring iterations: 6


Call:
glm(formula = vote_yes_scot ~ log_hh_inc + age + age_square + 
    female + a_level_equiv + other_higher_ed + degree_equiv + 
    is_ethnic_minority + has_children + is_partnered + conservative + 
    libdem + labour + green + ukip + scot_nat + catholic + protestant + 
    al_scaleW1W2W3W4W5 + scottish_city + scottish_highlands + 
    scottish_borders + born_england + born_eu + EUIntegrationSelf_dk5, 
    family = binomial(link = "probit"), data = besScot)

Deviance Residuals: 
    Min       1Q   Median       3Q      Max  
-2.8025  -0.6316  -0.1486   0.3900   3.4375  

Coefficients:
                         Estimate Std. Error z value Pr(>|z|)    
(Intercept)             1.0555155  0.7153532   1.476  0.14007    
log_hh_inc             -0.1336811  0.0591977  -2.258  0.02393 *  
age                     0.0503432  0.0187578   2.684  0.00728 ** 
age_square             -0.0005299  0.0001916  -2.766  0.00568 ** 
femaleTRUE             -0.0796571  0.0836104  -0.953  0.34073    
a_level_equivTRUE      -0.3060693  0.1397948  -2.189  0.02857 *  
other_higher_edTRUE    -0.0971975  0.1667295  -0.583  0.55992    
degree_equivTRUE       -0.0467139  0.1119565  -0.417  0.67650    
is_ethnic_minorityTRUE  0.3847379  0.2731077   1.409  0.15891    
has_childrenTRUE        0.1693201  0.1040593   1.627  0.10371    
is_partneredTRUE        0.0459351  0.0972271   0.472  0.63660    
conservativeTRUE       -1.3774257  0.1827449  -7.537 4.79e-14 ***
libdemTRUE             -0.9856822  0.1986273  -4.962 6.96e-07 ***
labourTRUE             -0.4346647  0.1073870  -4.048 5.17e-05 ***
greenTRUE               0.8954154  0.1911054   4.685 2.79e-06 ***
ukipTRUE               -0.4204256  0.2573711  -1.634  0.10236    
scot_natTRUE            1.9281358  0.1226188  15.725  < 2e-16 ***
catholicTRUE            0.0953143  0.1444776   0.660  0.50944    
protestantTRUE         -0.1841817  0.0956088  -1.926  0.05405 .  
al_scaleW1W2W3W4W5     -0.1247627  0.0212862  -5.861 4.60e-09 ***
scottish_cityTRUE      -0.1135540  0.0938733  -1.210  0.22641    
scottish_highlandsTRUE -0.0386940  0.1006887  -0.384  0.70076    
scottish_bordersTRUE    0.0565191  0.1697824   0.333  0.73922    
born_englandTRUE       -0.3417031  0.1048072  -3.260  0.00111 ** 
born_euTRUE            -0.1970030  0.3354621  -0.587  0.55703    
EUIntegrationSelf_dk5  -0.0286947  0.0148273  -1.935  0.05296 .  
---
Signif. codes:  0 ‘***’ 0.001 ‘**’ 0.01 ‘*’ 0.05 ‘.’ 0.1 ‘ ’ 1

(Dispersion parameter for binomial family taken to be 1)

    Null deviance: 2381.6  on 1726  degrees of freedom
Residual deviance: 1250.6  on 1701  degrees of freedom
  (6559 observations deleted due to missingness)
AIC: 1302.6

Number of Fisher Scoring iterations: 6


Call:
glm(formula = indyref_switch_yes_2_no ~ log_hh_inc + age + age_square + 
    female + conservative + libdem + labour + green + ukip + 
    scot_nat + catholic + protestant + big5_openness + born_england + 
    EUIntegrationSelf_dk5, family = binomial(link = "probit"), 
    data = besScot)

Deviance Residuals: 
    Min       1Q   Median       3Q      Max  
-0.9374  -0.2248  -0.1220  -0.0566   3.2011  

Coefficients:
                        Estimate Std. Error z value Pr(>|z|)    
(Intercept)           -2.864e+00  1.477e+00  -1.938  0.05259 .  
log_hh_inc            -1.870e-02  1.019e-01  -0.183  0.85445    
age                   -8.807e-03  4.003e-02  -0.220  0.82586    
age_square             1.855e-04  3.781e-04   0.491  0.62364    
femaleTRUE            -1.675e-01  1.634e-01  -1.025  0.30522    
conservativeTRUE      -8.668e-01  4.090e-01  -2.119  0.03408 *  
libdemTRUE            -3.691e+00  1.438e+02  -0.026  0.97952    
labourTRUE             4.048e-01  2.358e-01   1.717  0.08598 .  
greenTRUE              4.119e-01  4.895e-01   0.842  0.40005    
ukipTRUE              -4.311e-01  4.560e-01  -0.945  0.34448    
scot_natTRUE           5.909e-01  2.274e-01   2.599  0.00935 ** 
catholicTRUE          -2.005e-01  2.725e-01  -0.736  0.46189    
protestantTRUE        -4.698e-01  1.931e-01  -2.433  0.01497 *  
big5_openness         -1.117e-02  4.573e-02  -0.244  0.80704    
born_englandTRUE      -3.112e-01  2.276e-01  -1.367  0.17151    
EUIntegrationSelf_dk5  1.776e-01  2.946e-02   6.027 1.67e-09 ***
---
Signif. codes:  0 ‘***’ 0.001 ‘**’ 0.01 ‘*’ 0.05 ‘.’ 0.1 ‘ ’ 1

(Dispersion parameter for binomial family taken to be 1)

    Null deviance: 389.12  on 1480  degrees of freedom
Residual deviance: 299.52  on 1465  degrees of freedom
  (6805 observations deleted due to missingness)
AIC: 331.52

Number of Fisher Scoring iterations: 17


Call:
glm(formula = indyref_switch_no_2_yes ~ log_hh_inc + age + age_square + 
    female + conservative + libdem + labour + green + ukip + 
    scot_nat + catholic + protestant + big5_openness + born_england + 
    EUIntegrationSelf_dk5, family = binomial(link = "probit"), 
    data = besScot)

Deviance Residuals: 
    Min       1Q   Median       3Q      Max  
-0.8464  -0.3395  -0.1872  -0.1138   3.2816  

Coefficients:
                        Estimate Std. Error z value Pr(>|z|)    
(Intercept)           -4.533e-01  1.060e+00  -0.428 0.668995    
log_hh_inc            -6.718e-03  8.489e-02  -0.079 0.936929    
age                   -5.023e-02  2.850e-02  -1.762 0.078016 .  
age_square             5.158e-04  2.850e-04   1.810 0.070288 .  
femaleTRUE             1.558e-01  1.316e-01   1.184 0.236286    
conservativeTRUE      -4.024e+00  1.168e+02  -0.034 0.972510    
libdemTRUE             4.990e-01  2.545e-01   1.961 0.049917 *  
labourTRUE             6.532e-01  1.790e-01   3.649 0.000264 ***
greenTRUE             -5.812e-02  3.089e-01  -0.188 0.850771    
ukipTRUE               2.821e-01  3.987e-01   0.707 0.479263    
scot_natTRUE          -5.409e-01  2.139e-01  -2.529 0.011449 *  
catholicTRUE          -7.091e-02  2.280e-01  -0.311 0.755750    
protestantTRUE        -2.315e-02  1.563e-01  -0.148 0.882272    
big5_openness         -1.549e-03  3.714e-02  -0.042 0.966731    
born_englandTRUE       1.741e-01  1.511e-01   1.152 0.249433    
EUIntegrationSelf_dk5 -4.148e-02  2.267e-02  -1.830 0.067313 .  
---
Signif. codes:  0 ‘***’ 0.001 ‘**’ 0.01 ‘*’ 0.05 ‘.’ 0.1 ‘ ’ 1

(Dispersion parameter for binomial family taken to be 1)

    Null deviance: 546.18  on 1421  degrees of freedom
Residual deviance: 455.00  on 1406  degrees of freedom
  (6864 observations deleted due to missingness)
AIC: 487

Number of Fisher Scoring iterations: 17


Call:
glm(formula = indyref_didnt_vote ~ log_hh_inc + age + age_square + 
    female + conservative + libdem + labour + green + ukip + 
    scot_nat + catholic + protestant + big5_openness + born_england + 
    EUIntegrationSelf_dk5, family = binomial(link = "probit"), 
    data = besScot)

Deviance Residuals: 
    Min       1Q   Median       3Q      Max  
-0.9884  -0.2562  -0.1779  -0.1378   3.1475  

Coefficients:
                        Estimate Std. Error z value Pr(>|z|)    
(Intercept)            1.9585961  0.9044486   2.166 0.030348 *  
log_hh_inc            -0.1425764  0.0722742  -1.973 0.048528 *  
age                   -0.0691713  0.0246963  -2.801 0.005096 ** 
age_square             0.0006143  0.0002545   2.413 0.015802 *  
femaleTRUE             0.1428263  0.1304628   1.095 0.273619    
conservativeTRUE      -0.4675498  0.2227472  -2.099 0.035816 *  
libdemTRUE            -0.4941338  0.3229692  -1.530 0.126024    
labourTRUE            -0.6370834  0.1982431  -3.214 0.001311 ** 
greenTRUE             -0.9744263  0.4371627  -2.229 0.025815 *  
ukipTRUE               0.0445696  0.3211711   0.139 0.889630    
scot_natTRUE          -0.5977664  0.1754443  -3.407 0.000656 ***
catholicTRUE           0.0193854  0.2238206   0.087 0.930981    
protestantTRUE        -0.1950771  0.1607717  -1.213 0.224985    
big5_openness         -0.0425499  0.0365548  -1.164 0.244423    
born_englandTRUE       0.0259648  0.1581210   0.164 0.869567    
EUIntegrationSelf_dk5 -0.0083381  0.0224939  -0.371 0.710874    
---
Signif. codes:  0 ‘***’ 0.001 ‘**’ 0.01 ‘*’ 0.05 ‘.’ 0.1 ‘ ’ 1

(Dispersion parameter for binomial family taken to be 1)

    Null deviance: 491.88  on 1797  degrees of freedom
Residual deviance: 437.58  on 1782  degrees of freedom
  (6488 observations deleted due to missingness)
AIC: 469.58

Number of Fisher Scoring iterations: 7


Call:
glm(formula = yesW9 ~ log_hh_inc + age + age_square + female + 
    a_level_equiv + other_higher_ed + degree_equiv + is_ethnic_minority + 
    has_children + is_partnered + conservative + libdem + labour + 
    green + ukip + scot_nat + catholic + protestant + big5_openness + 
    scottish_city + scottish_highlands + scottish_borders + born_england + 
    born_eu, family = binomial(link = "probit"), data = besScot)

Deviance Residuals: 
    Min       1Q   Median       3Q      Max  
-2.6284  -0.7894  -0.2114   0.6080   2.8482  

Coefficients:
                         Estimate Std. Error z value Pr(>|z|)    
(Intercept)            -0.2651244  0.6081393  -0.436  0.66287    
log_hh_inc             -0.0499946  0.0468456  -1.067  0.28587    
age                     0.0054302  0.0160674   0.338  0.73539    
age_square             -0.0001408  0.0001543  -0.913  0.36149    
femaleTRUE             -0.1468663  0.0652466  -2.251  0.02439 *  
a_level_equivTRUE       0.2399785  0.1039693   2.308  0.02099 *  
other_higher_edTRUE     0.2438539  0.1312994   1.857  0.06328 .  
degree_equivTRUE        0.4413289  0.0853735   5.169 2.35e-07 ***
is_ethnic_minorityTRUE  0.2192947  0.1979786   1.108  0.26801    
has_childrenTRUE        0.0685008  0.0872633   0.785  0.43246    
is_partneredTRUE       -0.1194355  0.0761030  -1.569  0.11656    
conservativeTRUE       -0.9822923  0.1173895  -8.368  < 2e-16 ***
libdemTRUE             -0.0902469  0.1370788  -0.658  0.51031    
labourTRUE             -0.0821057  0.0868287  -0.946  0.34435    
greenTRUE               1.2168840  0.2063761   5.896 3.71e-09 ***
ukipTRUE               -5.3682333 82.9956237  -0.065  0.94843    
scot_natTRUE            1.5803334  0.0892857  17.700  < 2e-16 ***
catholicTRUE            0.2750572  0.1165561   2.360  0.01828 *  
protestantTRUE         -0.2253378  0.0745380  -3.023  0.00250 ** 
big5_openness           0.0732877  0.0190571   3.846  0.00012 ***
scottish_cityTRUE       0.0980229  0.0729647   1.343  0.17913    
scottish_highlandsTRUE -0.0216442  0.0769854  -0.281  0.77860    
scottish_bordersTRUE   -0.0890053  0.1362797  -0.653  0.51369    
born_englandTRUE        0.0079367  0.0804766   0.099  0.92144    
born_euTRUE             0.2063340  0.2744804   0.752  0.45222    
---
Signif. codes:  0 ‘***’ 0.001 ‘**’ 0.01 ‘*’ 0.05 ‘.’ 0.1 ‘ ’ 1

(Dispersion parameter for binomial family taken to be 1)

    Null deviance: 3132  on 2268  degrees of freedom
Residual deviance: 2080  on 2244  degrees of freedom
  (6017 observations deleted due to missingness)
AIC: 2130

Number of Fisher Scoring iterations: 15


Call:
glm(formula = yesW9 ~ log_hh_inc + age + age_square + female + 
    a_level_equiv + other_higher_ed + degree_equiv + is_ethnic_minority + 
    has_children + is_partnered + conservative + libdem + labour + 
    green + ukip + scot_nat + catholic + protestant + big5_openness + 
    scottish_city + scottish_highlands + scottish_borders + born_england + 
    born_eu + vote_leave_eu, family = binomial(link = "probit"), 
    data = besScot)

Deviance Residuals: 
    Min       1Q   Median       3Q      Max  
-2.9220  -0.6981  -0.1436   0.5539   3.1263  

Coefficients:
                         Estimate Std. Error z value Pr(>|z|)    
(Intercept)             0.5169600  0.6726468   0.769  0.44216    
log_hh_inc             -0.1019680  0.0513036  -1.988  0.04686 *  
age                     0.0115218  0.0174702   0.660  0.50957    
age_square             -0.0001824  0.0001671  -1.092  0.27504    
femaleTRUE             -0.1608764  0.0695367  -2.314  0.02069 *  
a_level_equivTRUE       0.1449715  0.1119804   1.295  0.19545    
other_higher_edTRUE     0.2075145  0.1400428   1.482  0.13840    
degree_equivTRUE        0.2663353  0.0928872   2.867  0.00414 ** 
is_ethnic_minorityTRUE  0.3022227  0.2248083   1.344  0.17883    
has_childrenTRUE        0.1680438  0.0941016   1.786  0.07414 .  
is_partneredTRUE       -0.1144272  0.0813401  -1.407  0.15949    
conservativeTRUE       -0.9623542  0.1241132  -7.754 8.92e-15 ***
libdemTRUE             -0.3231823  0.1431662  -2.257  0.02398 *  
labourTRUE             -0.2894193  0.0931621  -3.107  0.00189 ** 
greenTRUE               1.0146327  0.2146694   4.726 2.28e-06 ***
ukipTRUE               -4.8917180 83.7299310  -0.058  0.95341    
scot_natTRUE            1.5860080  0.0973996  16.284  < 2e-16 ***
catholicTRUE            0.3573654  0.1248419   2.863  0.00420 ** 
protestantTRUE         -0.1835970  0.0790214  -2.323  0.02016 *  
big5_openness           0.0679890  0.0204599   3.323  0.00089 ***
scottish_cityTRUE       0.0792511  0.0775800   1.022  0.30700    
scottish_highlandsTRUE  0.0045445  0.0817779   0.056  0.95568    
scottish_bordersTRUE   -0.0091200  0.1433834  -0.064  0.94928    
born_englandTRUE        0.0083965  0.0845742   0.099  0.92092    
born_euTRUE             0.2325366  0.3079608   0.755  0.45020    
vote_leave_euTRUE      -0.8818632  0.0812122 -10.859  < 2e-16 ***
---
Signif. codes:  0 ‘***’ 0.001 ‘**’ 0.01 ‘*’ 0.05 ‘.’ 0.1 ‘ ’ 1

(Dispersion parameter for binomial family taken to be 1)

    Null deviance: 2975.7  on 2155  degrees of freedom
Residual deviance: 1829.3  on 2130  degrees of freedom
  (6130 observations deleted due to missingness)
AIC: 1881.3

Number of Fisher Scoring iterations: 15


Call:
glm(formula = yesW9 ~ log_hh_inc + age + age_square + female + 
    a_level_equiv + other_higher_ed + degree_equiv + is_ethnic_minority + 
    has_children + is_partnered + conservative + libdem + labour + 
    green + ukip + scot_nat + catholic + protestant + big5_openness + 
    scottish_city + scottish_highlands + scottish_borders + born_england + 
    born_eu + EUIntegrationSelf_dk5, family = binomial(link = "probit"), 
    data = besScot)

Deviance Residuals: 
    Min       1Q   Median       3Q      Max  
-2.7773  -0.6695  -0.1422   0.5565   3.2341  

Coefficients:
                         Estimate Std. Error z value Pr(>|z|)    
(Intercept)             0.8932209  0.6461132   1.382  0.16683    
log_hh_inc             -0.1126748  0.0495567  -2.274  0.02299 *  
age                     0.0205056  0.0169330   1.211  0.22590    
age_square             -0.0002632  0.0001632  -1.613  0.10681    
femaleTRUE             -0.1496395  0.0685049  -2.184  0.02894 *  
a_level_equivTRUE       0.1291259  0.1091753   1.183  0.23691    
other_higher_edTRUE     0.1480437  0.1390930   1.064  0.28717    
degree_equivTRUE        0.2746282  0.0906291   3.030  0.00244 ** 
is_ethnic_minorityTRUE  0.3416834  0.2071381   1.650  0.09904 .  
has_childrenTRUE        0.1202366  0.0922108   1.304  0.19226    
is_partneredTRUE       -0.1115564  0.0796335  -1.401  0.16125    
conservativeTRUE       -0.8879494  0.1236194  -7.183 6.82e-13 ***
libdemTRUE             -0.2940309  0.1421612  -2.068  0.03861 *  
labourTRUE             -0.2871341  0.0920370  -3.120  0.00181 ** 
greenTRUE               1.0759973  0.2162359   4.976 6.49e-07 ***
ukipTRUE               -5.5959433 75.6622480  -0.074  0.94104    
scot_natTRUE            1.5788450  0.0957424  16.491  < 2e-16 ***
catholicTRUE            0.3098967  0.1237646   2.504  0.01228 *  
protestantTRUE         -0.1061429  0.0786721  -1.349  0.17728    
big5_openness           0.0734782  0.0201165   3.653  0.00026 ***
scottish_cityTRUE       0.0441936  0.0763642   0.579  0.56278    
scottish_highlandsTRUE -0.0250678  0.0807516  -0.310  0.75623    
scottish_bordersTRUE    0.0144666  0.1451021   0.100  0.92058    
born_englandTRUE       -0.0010409  0.0845653  -0.012  0.99018    
born_euTRUE             0.2246995  0.2888619   0.778  0.43664    
EUIntegrationSelf_dk5  -0.1637559  0.0119474 -13.706  < 2e-16 ***
---
Signif. codes:  0 ‘***’ 0.001 ‘**’ 0.01 ‘*’ 0.05 ‘.’ 0.1 ‘ ’ 1

(Dispersion parameter for binomial family taken to be 1)

    Null deviance: 3132.0  on 2268  degrees of freedom
Residual deviance: 1871.4  on 2243  degrees of freedom
  (6017 observations deleted due to missingness)
AIC: 1923.4

Number of Fisher Scoring iterations: 15

